#
# There is insufficient memory for the Java Runtime Environment to continue.
# Native memory allocation (mmap) failed to map 65536 bytes for Failed to commit metaspace.
# Possible reasons:
#   The system is out of physical RAM or swap space
#   The process is running with CompressedOops enabled, and the Java Heap may be blocking the growth of the native heap
# Possible solutions:
#   Reduce memory load on the system
#   Increase physical memory or swap space
#   Check if swap backing store is full
#   Decrease Java heap size (-Xmx/-Xms)
#   Decrease number of Java threads
#   Decrease Java thread stack sizes (-Xss)
#   Set larger code cache with -XX:ReservedCodeCacheSize=
#   JVM is running with Unscaled Compressed Oops mode in which the Java heap is
#     placed in the first 4GB address space. The Java Heap base address is the
#     maximum limit for the native heap growth. Please use -XX:HeapBaseMinAddress
#     to set the Java Heap base and to place the Java Heap above 4GB virtual address.
# This output file may be truncated or incomplete.
#
#  Out of Memory Error (virtualSpaceNode.cpp:110), pid=1688, tid=7496
#
# JRE version: OpenJDK Runtime Environment Temurin-17.0.1+12 (17.0.1+12) (build 17.0.1+12)
# Java VM: OpenJDK 64-Bit Server VM Temurin-17.0.1+12 (17.0.1+12, mixed mode, emulated-client, tiered, compressed oops, compressed class ptrs, g1 gc, windows-amd64)
# No core dump will be written. Minidumps are not enabled by default on client versions of Windows
#

---------------  S U M M A R Y ------------

Command Line: -Dcom.sun.management.jmxremote -Dcom.sun.management.jmxremote.port=57818 -Dcom.sun.management.jmxremote.authenticate=false -Dcom.sun.management.jmxremote.ssl=false -Djava.rmi.server.hostname=localhost -Dspring.jmx.enabled=true -Dspring.application.admin.enabled=true -XX:TieredStopAtLevel=1 -Dspring.boot.project.name=BlogPessoal -Dfile.encoding=UTF-8 -XX:+ShowCodeDetailsInExceptionMessages com.generation.BlogPessoal.BlogPessoalApplication --spring.output.ansi.enabled=always

Host: Intel(R) Core(TM) i5-3230M CPU @ 2.60GHz, 4 cores, 7G,  Windows 10 , 64 bit Build 19041 (10.0.19041.1503)
Time: Fri Mar  4 15:17:57 2022 Hora oficial do Brasil elapsed time: 2.396676 seconds (0d 0h 0m 2s)

---------------  T H R E A D  ---------------

Current thread (0x00000186ffcebdc0):  JavaThread "main" [_thread_in_vm, id=7496, stack(0x000000302e500000,0x000000302e600000)]

Stack: [0x000000302e500000,0x000000302e600000]
Native frames: (J=compiled Java code, j=interpreted, Vv=VM code, C=native code)
V  [jvm.dll+0x6744da]
V  [jvm.dll+0x82e144]
V  [jvm.dll+0x82f8ee]
V  [jvm.dll+0x82ff53]
V  [jvm.dll+0x245175]
V  [jvm.dll+0x82a0eb]
V  [jvm.dll+0x619566]
V  [jvm.dll+0x1bff1e]
V  [jvm.dll+0x61beb1]
V  [jvm.dll+0x619f06]
V  [jvm.dll+0x2396df]
V  [jvm.dll+0x623b45]
V  [jvm.dll+0x1e9e4b]
V  [jvm.dll+0x1ea385]
V  [jvm.dll+0x1eadbf]
V  [jvm.dll+0x1e0261]
V  [jvm.dll+0x53b150]
V  [jvm.dll+0x1f0a57]
V  [jvm.dll+0x7a87ab]
V  [jvm.dll+0x7a9b52]
V  [jvm.dll+0x7a9e88]
V  [jvm.dll+0x23d45e]
V  [jvm.dll+0x37e5ae]
C  0x00000186835e99ee

Java frames: (J=compiled Java code, j=interpreted, Vv=VM code)
j  java.util.Calendar$Builder.build()Ljava/util/Calendar;+236 java.base@17.0.1
j  sun.util.locale.provider.CalendarProviderImpl.getInstance(Ljava/util/TimeZone;Ljava/util/Locale;)Ljava/util/Calendar;+21 java.base@17.0.1
j  java.util.Calendar.createCalendar(Ljava/util/TimeZone;Ljava/util/Locale;)Ljava/util/Calendar;+17 java.base@17.0.1
j  java.util.Calendar.getInstance(Ljava/util/Locale;)Ljava/util/Calendar;+5 java.base@17.0.1
j  java.text.SimpleDateFormat.initializeCalendar(Ljava/util/Locale;)V+27 java.base@17.0.1
j  java.text.SimpleDateFormat.<init>(Ljava/lang/String;Ljava/util/Locale;)V+43 java.base@17.0.1
j  java.text.SimpleDateFormat.<init>(Ljava/lang/String;)V+8 java.base@17.0.1
j  ch.qos.logback.core.util.CachingDateFormatter.<init>(Ljava/lang/String;)V+22
j  ch.qos.logback.classic.layout.TTLLLayout.<init>()V+11
j  ch.qos.logback.classic.BasicConfigurator.configure(Lch/qos/logback/classic/LoggerContext;)V+42
j  ch.qos.logback.classic.util.ContextInitializer.autoConfig()V+120
j  org.slf4j.impl.StaticLoggerBinder.init()V+11
j  org.slf4j.impl.StaticLoggerBinder.<clinit>()V+28
v  ~StubRoutines::call_stub
j  org.slf4j.LoggerFactory.bind()V+16
j  org.slf4j.LoggerFactory.performInitialization()V+0
j  org.slf4j.LoggerFactory.getILoggerFactory()Lorg/slf4j/ILoggerFactory;+21
j  org.slf4j.LoggerFactory.getLogger(Ljava/lang/String;)Lorg/slf4j/Logger;+0
j  org.apache.commons.logging.LogAdapter$Slf4jAdapter.createLocationAwareLog(Ljava/lang/String;)Lorg/apache/commons/logging/Log;+1
j  org.apache.commons.logging.LogAdapter.createLog(Ljava/lang/String;)Lorg/apache/commons/logging/Log;+42
j  org.apache.commons.logging.LogFactory.getLog(Ljava/lang/String;)Lorg/apache/commons/logging/Log;+1
j  org.apache.commons.logging.LogFactory.getLog(Ljava/lang/Class;)Lorg/apache/commons/logging/Log;+4
j  org.springframework.boot.SpringApplication.<clinit>()V+2
v  ~StubRoutines::call_stub
j  com.generation.BlogPessoal.BlogPessoalApplication.main([Ljava/lang/String;)V+3
v  ~StubRoutines::call_stub

---------------  P R O C E S S  ---------------

Threads class SMR info:
_java_thread_list=0x000001868e602470, length=15, elements={
0x00000186ffcebdc0, 0x000001868d29a780, 0x000001868d29bf80, 0x000001868d2f93c0,
0x000001868d2fbf50, 0x000001868d2fdc20, 0x000001868d2fe4e0, 0x000001868d2ff540,
0x000001868d30d5e0, 0x000001868ddb7ac0, 0x000001868de164d0, 0x000001868def1240,
0x000001868e3ee260, 0x000001868e3ee730, 0x000001868e605e80
}

Java Threads: ( => current thread )
=>0x00000186ffcebdc0 JavaThread "main" [_thread_in_vm, id=7496, stack(0x000000302e500000,0x000000302e600000)]
  0x000001868d29a780 JavaThread "Reference Handler" daemon [_thread_blocked, id=13544, stack(0x000000302ec00000,0x000000302ed00000)]
  0x000001868d29bf80 JavaThread "Finalizer" daemon [_thread_blocked, id=8632, stack(0x000000302ed00000,0x000000302ee00000)]
  0x000001868d2f93c0 JavaThread "Signal Dispatcher" daemon [_thread_blocked, id=3292, stack(0x000000302ee00000,0x000000302ef00000)]
  0x000001868d2fbf50 JavaThread "Attach Listener" daemon [_thread_blocked, id=3804, stack(0x000000302ef00000,0x000000302f000000)]
  0x000001868d2fdc20 JavaThread "Service Thread" daemon [_thread_blocked, id=10256, stack(0x000000302f000000,0x000000302f100000)]
  0x000001868d2fe4e0 JavaThread "Monitor Deflation Thread" daemon [_thread_blocked, id=4800, stack(0x000000302f100000,0x000000302f200000)]
  0x000001868d2ff540 JavaThread "C1 CompilerThread0" daemon [_thread_blocked, id=12932, stack(0x000000302f200000,0x000000302f300000)]
  0x000001868d30d5e0 JavaThread "Sweeper thread" daemon [_thread_blocked, id=2000, stack(0x000000302f300000,0x000000302f400000)]
  0x000001868ddb7ac0 JavaThread "Common-Cleaner" daemon [_thread_blocked, id=8780, stack(0x000000302f400000,0x000000302f500000)]
  0x000001868de164d0 JavaThread "C1 CompilerThread1" daemon [_thread_blocked, id=2932, stack(0x000000302f500000,0x000000302f600000)]
  0x000001868def1240 JavaThread "Notification Thread" daemon [_thread_blocked, id=3020, stack(0x000000302f600000,0x000000302f700000)]
  0x000001868e3ee260 JavaThread "RMI TCP Accept-0" daemon [_thread_in_native, id=14424, stack(0x000000302f700000,0x000000302f800000)]
  0x000001868e3ee730 JavaThread "RMI TCP Accept-57818" daemon [_thread_in_vm, id=11772, stack(0x000000302f800000,0x000000302f900000)]
  0x000001868e605e80 JavaThread "RMI TCP Accept-0" daemon [_thread_in_native, id=6916, stack(0x000000302fd00000,0x000000302fe00000)]

Other Threads:
  0x000001868d2c6920 VMThread "VM Thread" [stack: 0x000000302eb00000,0x000000302ec00000] [id=12040]
  0x000001868e3c1040 WatcherThread [stack: 0x000000302fe00000,0x000000302ff00000] [id=10852]
  0x00000186ffd2bee0 GCTaskThread "GC Thread#0" [stack: 0x000000302e600000,0x000000302e700000] [id=10192]
  0x000001868e4a7c70 GCTaskThread "GC Thread#1" [stack: 0x000000302f900000,0x000000302fa00000] [id=1132]
  0x000001868e4aab90 GCTaskThread "GC Thread#2" [stack: 0x000000302fa00000,0x000000302fb00000] [id=11148]
  0x000001868e5f4320 GCTaskThread "GC Thread#3" [stack: 0x000000302fb00000,0x000000302fc00000] [id=6392]
  0x00000186ffd3da00 ConcurrentGCThread "G1 Main Marker" [stack: 0x000000302e700000,0x000000302e800000] [id=11560]
  0x00000186ffd3e320 ConcurrentGCThread "G1 Conc#0" [stack: 0x000000302e800000,0x000000302e900000] [id=14692]
  0x00000186ffdb4210 ConcurrentGCThread "G1 Refine#0" [stack: 0x000000302e900000,0x000000302ea00000] [id=10440]
  0x000001868e4a6c10 ConcurrentGCThread "G1 Refine#1" [stack: 0x000000302fc00000,0x000000302fd00000] [id=14996]
  0x00000186ffdb4b40 ConcurrentGCThread "G1 Service" [stack: 0x000000302ea00000,0x000000302eb00000] [id=11968]

Threads with active compile tasks:

VM state: not at safepoint (normal execution)

VM Mutex/Monitor currently owned by a thread:  ([mutex/lock_event])
[0x00000186ffce7380] Metaspace_lock - owner thread: 0x00000186ffcebdc0

Heap address: 0x0000000081a00000, size: 2022 MB, Compressed Oops mode: 32-bit

CDS archive(s) not mapped
Compressed class space mapped at: 0x0000000100000000-0x0000000140000000, reserved size: 1073741824
Narrow klass base: 0x0000000000000000, Narrow klass shift: 3, Narrow klass range: 0x140000000

GC Precious Log:
 CPUs: 4 total, 4 available
 Memory: 8084M
 Large Page Support: Disabled
 NUMA Support: Disabled
 Compressed Oops: Enabled (32-bit)
 Heap Region Size: 1M
 Heap Min Capacity: 8M
 Heap Initial Capacity: 128M
 Heap Max Capacity: 2022M
 Pre-touch: Disabled
 Parallel Workers: 4
 Concurrent Workers: 1
 Concurrent Refinement Workers: 4
 Periodic GC: Disabled

Heap:
 garbage-first heap   total 131072K, used 8905K [0x0000000081a00000, 0x0000000100000000)
  region size 1024K, 5 young (5120K), 2 survivors (2048K)
 Metaspace       used 13649K, committed 13824K, reserved 1064960K
  class space    used 1386K, committed 1472K, reserved 1048576K

Heap Regions: E=young(eden), S=young(survivor), O=old, HS=humongous(starts), HC=humongous(continues), CS=collection set, F=free, OA=open archive, CA=closed archive, TAMS=top-at-mark-start (previous, next)
|   0|0x0000000081a00000, 0x0000000081b00000, 0x0000000081b00000|100%|HS|  |TAMS 0x0000000081a00000, 0x0000000081a00000| Complete 
|   1|0x0000000081b00000, 0x0000000081c00000, 0x0000000081c00000|100%| O|  |TAMS 0x0000000081b00000, 0x0000000081b00000| Untracked 
|   2|0x0000000081c00000, 0x0000000081d00000, 0x0000000081d00000|100%| O|  |TAMS 0x0000000081c00000, 0x0000000081c00000| Untracked 
|   3|0x0000000081d00000, 0x0000000081e00000, 0x0000000081e00000|100%| O|  |TAMS 0x0000000081d00000, 0x0000000081d00000| Untracked 
|   4|0x0000000081e00000, 0x0000000081eb2400, 0x0000000081f00000| 69%| O|  |TAMS 0x0000000081e00000, 0x0000000081e00000| Untracked 
|   5|0x0000000081f00000, 0x0000000081f00000, 0x0000000082000000|  0%| F|  |TAMS 0x0000000081f00000, 0x0000000081f00000| Untracked 
|   6|0x0000000082000000, 0x0000000082000000, 0x0000000082100000|  0%| F|  |TAMS 0x0000000082000000, 0x0000000082000000| Untracked 
|   7|0x0000000082100000, 0x0000000082100000, 0x0000000082200000|  0%| F|  |TAMS 0x0000000082100000, 0x0000000082100000| Untracked 
|   8|0x0000000082200000, 0x0000000082200000, 0x0000000082300000|  0%| F|  |TAMS 0x0000000082200000, 0x0000000082200000| Untracked 
|   9|0x0000000082300000, 0x0000000082300000, 0x0000000082400000|  0%| F|  |TAMS 0x0000000082300000, 0x0000000082300000| Untracked 
|  10|0x0000000082400000, 0x0000000082400000, 0x0000000082500000|  0%| F|  |TAMS 0x0000000082400000, 0x0000000082400000| Untracked 
|  11|0x0000000082500000, 0x0000000082500000, 0x0000000082600000|  0%| F|  |TAMS 0x0000000082500000, 0x0000000082500000| Untracked 
|  12|0x0000000082600000, 0x0000000082600000, 0x0000000082700000|  0%| F|  |TAMS 0x0000000082600000, 0x0000000082600000| Untracked 
|  13|0x0000000082700000, 0x0000000082700000, 0x0000000082800000|  0%| F|  |TAMS 0x0000000082700000, 0x0000000082700000| Untracked 
|  14|0x0000000082800000, 0x0000000082800000, 0x0000000082900000|  0%| F|  |TAMS 0x0000000082800000, 0x0000000082800000| Untracked 
|  15|0x0000000082900000, 0x0000000082900000, 0x0000000082a00000|  0%| F|  |TAMS 0x0000000082900000, 0x0000000082900000| Untracked 
|  16|0x0000000082a00000, 0x0000000082a00000, 0x0000000082b00000|  0%| F|  |TAMS 0x0000000082a00000, 0x0000000082a00000| Untracked 
|  17|0x0000000082b00000, 0x0000000082b00000, 0x0000000082c00000|  0%| F|  |TAMS 0x0000000082b00000, 0x0000000082b00000| Untracked 
|  18|0x0000000082c00000, 0x0000000082c00000, 0x0000000082d00000|  0%| F|  |TAMS 0x0000000082c00000, 0x0000000082c00000| Untracked 
|  19|0x0000000082d00000, 0x0000000082d00000, 0x0000000082e00000|  0%| F|  |TAMS 0x0000000082d00000, 0x0000000082d00000| Untracked 
|  20|0x0000000082e00000, 0x0000000082e00000, 0x0000000082f00000|  0%| F|  |TAMS 0x0000000082e00000, 0x0000000082e00000| Untracked 
|  21|0x0000000082f00000, 0x0000000082f00000, 0x0000000083000000|  0%| F|  |TAMS 0x0000000082f00000, 0x0000000082f00000| Untracked 
|  22|0x0000000083000000, 0x0000000083000000, 0x0000000083100000|  0%| F|  |TAMS 0x0000000083000000, 0x0000000083000000| Untracked 
|  23|0x0000000083100000, 0x0000000083100000, 0x0000000083200000|  0%| F|  |TAMS 0x0000000083100000, 0x0000000083100000| Untracked 
|  24|0x0000000083200000, 0x0000000083200000, 0x0000000083300000|  0%| F|  |TAMS 0x0000000083200000, 0x0000000083200000| Untracked 
|  25|0x0000000083300000, 0x0000000083300000, 0x0000000083400000|  0%| F|  |TAMS 0x0000000083300000, 0x0000000083300000| Untracked 
|  26|0x0000000083400000, 0x0000000083400000, 0x0000000083500000|  0%| F|  |TAMS 0x0000000083400000, 0x0000000083400000| Untracked 
|  27|0x0000000083500000, 0x0000000083500000, 0x0000000083600000|  0%| F|  |TAMS 0x0000000083500000, 0x0000000083500000| Untracked 
|  28|0x0000000083600000, 0x0000000083600000, 0x0000000083700000|  0%| F|  |TAMS 0x0000000083600000, 0x0000000083600000| Untracked 
|  29|0x0000000083700000, 0x0000000083700000, 0x0000000083800000|  0%| F|  |TAMS 0x0000000083700000, 0x0000000083700000| Untracked 
|  30|0x0000000083800000, 0x0000000083800000, 0x0000000083900000|  0%| F|  |TAMS 0x0000000083800000, 0x0000000083800000| Untracked 
|  31|0x0000000083900000, 0x0000000083900000, 0x0000000083a00000|  0%| F|  |TAMS 0x0000000083900000, 0x0000000083900000| Untracked 
|  32|0x0000000083a00000, 0x0000000083a00000, 0x0000000083b00000|  0%| F|  |TAMS 0x0000000083a00000, 0x0000000083a00000| Untracked 
|  33|0x0000000083b00000, 0x0000000083b00000, 0x0000000083c00000|  0%| F|  |TAMS 0x0000000083b00000, 0x0000000083b00000| Untracked 
|  34|0x0000000083c00000, 0x0000000083c00000, 0x0000000083d00000|  0%| F|  |TAMS 0x0000000083c00000, 0x0000000083c00000| Untracked 
|  35|0x0000000083d00000, 0x0000000083d00000, 0x0000000083e00000|  0%| F|  |TAMS 0x0000000083d00000, 0x0000000083d00000| Untracked 
|  36|0x0000000083e00000, 0x0000000083e00000, 0x0000000083f00000|  0%| F|  |TAMS 0x0000000083e00000, 0x0000000083e00000| Untracked 
|  37|0x0000000083f00000, 0x0000000083f00000, 0x0000000084000000|  0%| F|  |TAMS 0x0000000083f00000, 0x0000000083f00000| Untracked 
|  38|0x0000000084000000, 0x0000000084000000, 0x0000000084100000|  0%| F|  |TAMS 0x0000000084000000, 0x0000000084000000| Untracked 
|  39|0x0000000084100000, 0x0000000084100000, 0x0000000084200000|  0%| F|  |TAMS 0x0000000084100000, 0x0000000084100000| Untracked 
|  40|0x0000000084200000, 0x0000000084200000, 0x0000000084300000|  0%| F|  |TAMS 0x0000000084200000, 0x0000000084200000| Untracked 
|  41|0x0000000084300000, 0x0000000084300000, 0x0000000084400000|  0%| F|  |TAMS 0x0000000084300000, 0x0000000084300000| Untracked 
|  42|0x0000000084400000, 0x0000000084400000, 0x0000000084500000|  0%| F|  |TAMS 0x0000000084400000, 0x0000000084400000| Untracked 
|  43|0x0000000084500000, 0x0000000084500000, 0x0000000084600000|  0%| F|  |TAMS 0x0000000084500000, 0x0000000084500000| Untracked 
|  44|0x0000000084600000, 0x0000000084600000, 0x0000000084700000|  0%| F|  |TAMS 0x0000000084600000, 0x0000000084600000| Untracked 
|  45|0x0000000084700000, 0x0000000084700000, 0x0000000084800000|  0%| F|  |TAMS 0x0000000084700000, 0x0000000084700000| Untracked 
|  46|0x0000000084800000, 0x0000000084800000, 0x0000000084900000|  0%| F|  |TAMS 0x0000000084800000, 0x0000000084800000| Untracked 
|  47|0x0000000084900000, 0x0000000084900000, 0x0000000084a00000|  0%| F|  |TAMS 0x0000000084900000, 0x0000000084900000| Untracked 
|  48|0x0000000084a00000, 0x0000000084a00000, 0x0000000084b00000|  0%| F|  |TAMS 0x0000000084a00000, 0x0000000084a00000| Untracked 
|  49|0x0000000084b00000, 0x0000000084b00000, 0x0000000084c00000|  0%| F|  |TAMS 0x0000000084b00000, 0x0000000084b00000| Untracked 
|  50|0x0000000084c00000, 0x0000000084c00000, 0x0000000084d00000|  0%| F|  |TAMS 0x0000000084c00000, 0x0000000084c00000| Untracked 
|  51|0x0000000084d00000, 0x0000000084d00000, 0x0000000084e00000|  0%| F|  |TAMS 0x0000000084d00000, 0x0000000084d00000| Untracked 
|  52|0x0000000084e00000, 0x0000000084e00000, 0x0000000084f00000|  0%| F|  |TAMS 0x0000000084e00000, 0x0000000084e00000| Untracked 
|  53|0x0000000084f00000, 0x0000000084f00000, 0x0000000085000000|  0%| F|  |TAMS 0x0000000084f00000, 0x0000000084f00000| Untracked 
|  54|0x0000000085000000, 0x0000000085000000, 0x0000000085100000|  0%| F|  |TAMS 0x0000000085000000, 0x0000000085000000| Untracked 
|  55|0x0000000085100000, 0x0000000085100000, 0x0000000085200000|  0%| F|  |TAMS 0x0000000085100000, 0x0000000085100000| Untracked 
|  56|0x0000000085200000, 0x0000000085200000, 0x0000000085300000|  0%| F|  |TAMS 0x0000000085200000, 0x0000000085200000| Untracked 
|  57|0x0000000085300000, 0x0000000085300000, 0x0000000085400000|  0%| F|  |TAMS 0x0000000085300000, 0x0000000085300000| Untracked 
|  58|0x0000000085400000, 0x0000000085400000, 0x0000000085500000|  0%| F|  |TAMS 0x0000000085400000, 0x0000000085400000| Untracked 
|  59|0x0000000085500000, 0x0000000085500000, 0x0000000085600000|  0%| F|  |TAMS 0x0000000085500000, 0x0000000085500000| Untracked 
|  60|0x0000000085600000, 0x0000000085600000, 0x0000000085700000|  0%| F|  |TAMS 0x0000000085600000, 0x0000000085600000| Untracked 
|  61|0x0000000085700000, 0x0000000085700000, 0x0000000085800000|  0%| F|  |TAMS 0x0000000085700000, 0x0000000085700000| Untracked 
|  62|0x0000000085800000, 0x0000000085800000, 0x0000000085900000|  0%| F|  |TAMS 0x0000000085800000, 0x0000000085800000| Untracked 
|  63|0x0000000085900000, 0x0000000085900000, 0x0000000085a00000|  0%| F|  |TAMS 0x0000000085900000, 0x0000000085900000| Untracked 
|  64|0x0000000085a00000, 0x0000000085a00000, 0x0000000085b00000|  0%| F|  |TAMS 0x0000000085a00000, 0x0000000085a00000| Untracked 
|  65|0x0000000085b00000, 0x0000000085b00000, 0x0000000085c00000|  0%| F|  |TAMS 0x0000000085b00000, 0x0000000085b00000| Untracked 
|  66|0x0000000085c00000, 0x0000000085c00000, 0x0000000085d00000|  0%| F|  |TAMS 0x0000000085c00000, 0x0000000085c00000| Untracked 
|  67|0x0000000085d00000, 0x0000000085d00000, 0x0000000085e00000|  0%| F|  |TAMS 0x0000000085d00000, 0x0000000085d00000| Untracked 
|  68|0x0000000085e00000, 0x0000000085e00000, 0x0000000085f00000|  0%| F|  |TAMS 0x0000000085e00000, 0x0000000085e00000| Untracked 
|  69|0x0000000085f00000, 0x0000000085f00000, 0x0000000086000000|  0%| F|  |TAMS 0x0000000085f00000, 0x0000000085f00000| Untracked 
|  70|0x0000000086000000, 0x0000000086000000, 0x0000000086100000|  0%| F|  |TAMS 0x0000000086000000, 0x0000000086000000| Untracked 
|  71|0x0000000086100000, 0x0000000086100000, 0x0000000086200000|  0%| F|  |TAMS 0x0000000086100000, 0x0000000086100000| Untracked 
|  72|0x0000000086200000, 0x0000000086200000, 0x0000000086300000|  0%| F|  |TAMS 0x0000000086200000, 0x0000000086200000| Untracked 
|  73|0x0000000086300000, 0x0000000086300000, 0x0000000086400000|  0%| F|  |TAMS 0x0000000086300000, 0x0000000086300000| Untracked 
|  74|0x0000000086400000, 0x0000000086400000, 0x0000000086500000|  0%| F|  |TAMS 0x0000000086400000, 0x0000000086400000| Untracked 
|  75|0x0000000086500000, 0x0000000086500000, 0x0000000086600000|  0%| F|  |TAMS 0x0000000086500000, 0x0000000086500000| Untracked 
|  76|0x0000000086600000, 0x0000000086600000, 0x0000000086700000|  0%| F|  |TAMS 0x0000000086600000, 0x0000000086600000| Untracked 
|  77|0x0000000086700000, 0x0000000086700000, 0x0000000086800000|  0%| F|  |TAMS 0x0000000086700000, 0x0000000086700000| Untracked 
|  78|0x0000000086800000, 0x0000000086800000, 0x0000000086900000|  0%| F|  |TAMS 0x0000000086800000, 0x0000000086800000| Untracked 
|  79|0x0000000086900000, 0x0000000086900000, 0x0000000086a00000|  0%| F|  |TAMS 0x0000000086900000, 0x0000000086900000| Untracked 
|  80|0x0000000086a00000, 0x0000000086a00000, 0x0000000086b00000|  0%| F|  |TAMS 0x0000000086a00000, 0x0000000086a00000| Untracked 
|  81|0x0000000086b00000, 0x0000000086b00000, 0x0000000086c00000|  0%| F|  |TAMS 0x0000000086b00000, 0x0000000086b00000| Untracked 
|  82|0x0000000086c00000, 0x0000000086c00000, 0x0000000086d00000|  0%| F|  |TAMS 0x0000000086c00000, 0x0000000086c00000| Untracked 
|  83|0x0000000086d00000, 0x0000000086d00000, 0x0000000086e00000|  0%| F|  |TAMS 0x0000000086d00000, 0x0000000086d00000| Untracked 
|  84|0x0000000086e00000, 0x0000000086e00000, 0x0000000086f00000|  0%| F|  |TAMS 0x0000000086e00000, 0x0000000086e00000| Untracked 
|  85|0x0000000086f00000, 0x0000000086f00000, 0x0000000087000000|  0%| F|  |TAMS 0x0000000086f00000, 0x0000000086f00000| Untracked 
|  86|0x0000000087000000, 0x0000000087000000, 0x0000000087100000|  0%| F|  |TAMS 0x0000000087000000, 0x0000000087000000| Untracked 
|  87|0x0000000087100000, 0x0000000087100000, 0x0000000087200000|  0%| F|  |TAMS 0x0000000087100000, 0x0000000087100000| Untracked 
|  88|0x0000000087200000, 0x0000000087200000, 0x0000000087300000|  0%| F|  |TAMS 0x0000000087200000, 0x0000000087200000| Untracked 
|  89|0x0000000087300000, 0x0000000087300000, 0x0000000087400000|  0%| F|  |TAMS 0x0000000087300000, 0x0000000087300000| Untracked 
|  90|0x0000000087400000, 0x0000000087400000, 0x0000000087500000|  0%| F|  |TAMS 0x0000000087400000, 0x0000000087400000| Untracked 
|  91|0x0000000087500000, 0x0000000087500000, 0x0000000087600000|  0%| F|  |TAMS 0x0000000087500000, 0x0000000087500000| Untracked 
|  92|0x0000000087600000, 0x0000000087600000, 0x0000000087700000|  0%| F|  |TAMS 0x0000000087600000, 0x0000000087600000| Untracked 
|  93|0x0000000087700000, 0x0000000087700000, 0x0000000087800000|  0%| F|  |TAMS 0x0000000087700000, 0x0000000087700000| Untracked 
|  94|0x0000000087800000, 0x0000000087800000, 0x0000000087900000|  0%| F|  |TAMS 0x0000000087800000, 0x0000000087800000| Untracked 
|  95|0x0000000087900000, 0x0000000087900000, 0x0000000087a00000|  0%| F|  |TAMS 0x0000000087900000, 0x0000000087900000| Untracked 
|  96|0x0000000087a00000, 0x0000000087a00000, 0x0000000087b00000|  0%| F|  |TAMS 0x0000000087a00000, 0x0000000087a00000| Untracked 
|  97|0x0000000087b00000, 0x0000000087b00000, 0x0000000087c00000|  0%| F|  |TAMS 0x0000000087b00000, 0x0000000087b00000| Untracked 
|  98|0x0000000087c00000, 0x0000000087c00000, 0x0000000087d00000|  0%| F|  |TAMS 0x0000000087c00000, 0x0000000087c00000| Untracked 
|  99|0x0000000087d00000, 0x0000000087d00000, 0x0000000087e00000|  0%| F|  |TAMS 0x0000000087d00000, 0x0000000087d00000| Untracked 
| 100|0x0000000087e00000, 0x0000000087e00000, 0x0000000087f00000|  0%| F|  |TAMS 0x0000000087e00000, 0x0000000087e00000| Untracked 
| 101|0x0000000087f00000, 0x0000000087f00000, 0x0000000088000000|  0%| F|  |TAMS 0x0000000087f00000, 0x0000000087f00000| Untracked 
| 102|0x0000000088000000, 0x0000000088000000, 0x0000000088100000|  0%| F|  |TAMS 0x0000000088000000, 0x0000000088000000| Untracked 
| 103|0x0000000088100000, 0x0000000088100000, 0x0000000088200000|  0%| F|  |TAMS 0x0000000088100000, 0x0000000088100000| Untracked 
| 104|0x0000000088200000, 0x0000000088200000, 0x0000000088300000|  0%| F|  |TAMS 0x0000000088200000, 0x0000000088200000| Untracked 
| 105|0x0000000088300000, 0x0000000088300000, 0x0000000088400000|  0%| F|  |TAMS 0x0000000088300000, 0x0000000088300000| Untracked 
| 106|0x0000000088400000, 0x0000000088400000, 0x0000000088500000|  0%| F|  |TAMS 0x0000000088400000, 0x0000000088400000| Untracked 
| 107|0x0000000088500000, 0x0000000088500000, 0x0000000088600000|  0%| F|  |TAMS 0x0000000088500000, 0x0000000088500000| Untracked 
| 108|0x0000000088600000, 0x0000000088600000, 0x0000000088700000|  0%| F|  |TAMS 0x0000000088600000, 0x0000000088600000| Untracked 
| 109|0x0000000088700000, 0x0000000088700000, 0x0000000088800000|  0%| F|  |TAMS 0x0000000088700000, 0x0000000088700000| Untracked 
| 110|0x0000000088800000, 0x0000000088800000, 0x0000000088900000|  0%| F|  |TAMS 0x0000000088800000, 0x0000000088800000| Untracked 
| 111|0x0000000088900000, 0x0000000088900000, 0x0000000088a00000|  0%| F|  |TAMS 0x0000000088900000, 0x0000000088900000| Untracked 
| 112|0x0000000088a00000, 0x0000000088a00000, 0x0000000088b00000|  0%| F|  |TAMS 0x0000000088a00000, 0x0000000088a00000| Untracked 
| 113|0x0000000088b00000, 0x0000000088c00000, 0x0000000088c00000|100%| S|CS|TAMS 0x0000000088b00000, 0x0000000088b00000| Complete 
| 114|0x0000000088c00000, 0x0000000088d00000, 0x0000000088d00000|100%| S|CS|TAMS 0x0000000088c00000, 0x0000000088c00000| Complete 
| 115|0x0000000088d00000, 0x0000000088d00000, 0x0000000088e00000|  0%| F|  |TAMS 0x0000000088d00000, 0x0000000088d00000| Untracked 
| 116|0x0000000088e00000, 0x0000000088e00000, 0x0000000088f00000|  0%| F|  |TAMS 0x0000000088e00000, 0x0000000088e00000| Untracked 
| 117|0x0000000088f00000, 0x0000000088f00000, 0x0000000089000000|  0%| F|  |TAMS 0x0000000088f00000, 0x0000000088f00000| Untracked 
| 118|0x0000000089000000, 0x0000000089000000, 0x0000000089100000|  0%| F|  |TAMS 0x0000000089000000, 0x0000000089000000| Untracked 
| 119|0x0000000089100000, 0x0000000089100000, 0x0000000089200000|  0%| F|  |TAMS 0x0000000089100000, 0x0000000089100000| Untracked 
| 120|0x0000000089200000, 0x0000000089200000, 0x0000000089300000|  0%| F|  |TAMS 0x0000000089200000, 0x0000000089200000| Untracked 
| 121|0x0000000089300000, 0x0000000089300000, 0x0000000089400000|  0%| F|  |TAMS 0x0000000089300000, 0x0000000089300000| Untracked 
| 122|0x0000000089400000, 0x0000000089400000, 0x0000000089500000|  0%| F|  |TAMS 0x0000000089400000, 0x0000000089400000| Untracked 
| 123|0x0000000089500000, 0x0000000089500000, 0x0000000089600000|  0%| F|  |TAMS 0x0000000089500000, 0x0000000089500000| Untracked 
| 124|0x0000000089600000, 0x0000000089600000, 0x0000000089700000|  0%| F|  |TAMS 0x0000000089600000, 0x0000000089600000| Untracked 
| 125|0x0000000089700000, 0x00000000897f3660, 0x0000000089800000| 95%| E|  |TAMS 0x0000000089700000, 0x0000000089700000| Complete 
| 126|0x0000000089800000, 0x0000000089900000, 0x0000000089900000|100%| E|CS|TAMS 0x0000000089800000, 0x0000000089800000| Complete 
| 127|0x0000000089900000, 0x0000000089a00000, 0x0000000089a00000|100%| E|CS|TAMS 0x0000000089900000, 0x0000000089900000| Complete 

Card table byte_map: [0x00000186869d0000,0x0000018686dd0000] _byte_map_base: 0x00000186865c3000

Marking Bits (Prev, Next): (CMBitMap*) 0x00000186ffd2d410, (CMBitMap*) 0x00000186ffd2d450
 Prev Bits: [0x00000186871d0000, 0x0000018689168000)
 Next Bits: [0x0000018689170000, 0x000001868b108000)

Polling page: 0x00000186fdbe0000

Metaspace:

Usage:
  Non-class:     11.98 MB used.
      Class:      1.35 MB used.
       Both:     13.33 MB used.

Virtual space:
  Non-class space:       16.00 MB reserved,      12.06 MB ( 75%) committed,  2 nodes.
      Class space:        1.00 GB reserved,       1.44 MB ( <1%) committed,  1 nodes.
             Both:        1.02 GB reserved,      13.50 MB (  1%) committed. 

Chunk freelists:
   Non-Class:  2.98 MB
       Class:  2.53 MB
        Both:  5.52 MB

MaxMetaspaceSize: unlimited
CompressedClassSpaceSize: 1.00 GB
Initial GC threshold: 21.00 MB
Current GC threshold: 21.00 MB
CDS: off
MetaspaceReclaimPolicy: balanced
 - commit_granule_bytes: 65536.
 - commit_granule_words: 8192.
 - virtual_space_node_default_size: 1048576.
 - enlarge_chunks_in_place: 1.
 - new_chunks_are_fully_committed: 0.
 - uncommit_free_chunks: 1.
 - use_allocation_guard: 0.
 - handle_deallocations: 1.


Internal statistics:

num_allocs_failed_limit: 0.
num_arena_births: 96.
num_arena_deaths: 0.
num_vsnodes_births: 3.
num_vsnodes_deaths: 0.
num_space_committed: 216.
num_space_uncommitted: 0.
num_chunks_returned_to_freelist: 0.
num_chunks_taken_from_freelist: 172.
num_chunk_merges: 0.
num_chunk_splits: 98.
num_chunks_enlarged: 57.
num_purges: 0.
num_inconsistent_stats: 0.

CodeCache: size=49152Kb used=3094Kb max_used=3094Kb free=46057Kb
 bounds [0x00000186835d0000, 0x00000186838e0000, 0x00000186865d0000]
 total_blobs=1457 nmethods=1020 adapters=364
 compilation: enabled
              stopped_count=0, restarted_count=0
 full_count=0

Compilation events (20 events):
Event: 2.333 Thread 0x000001868d2ff540 nmethod 1011 0x00000186838ca810 code [0x00000186838ca9a0, 0x00000186838caa88]
Event: 2.333 Thread 0x000001868d2ff540 1012       1       java.lang.NamedPackage::module (5 bytes)
Event: 2.333 Thread 0x000001868d2ff540 nmethod 1012 0x00000186838cab10 code [0x00000186838caca0, 0x00000186838cad78]
Event: 2.333 Thread 0x000001868d2ff540 1013       1       jdk.internal.access.SharedSecrets::javaUtilJarAccess (19 bytes)
Event: 2.333 Thread 0x000001868d2ff540 nmethod 1013 0x00000186838cae10 code [0x00000186838cafc0, 0x00000186838cb188]
Event: 2.334 Thread 0x000001868de164d0 nmethod 1010 0x00000186838cb310 code [0x00000186838cb580, 0x00000186838cbcf8]
Event: 2.339 Thread 0x000001868de164d0 1014       1       java.util.concurrent.CopyOnWriteArrayList::setArray (6 bytes)
Event: 2.339 Thread 0x000001868de164d0 nmethod 1014 0x00000186838cc490 code [0x00000186838cc620, 0x00000186838cc738]
Event: 2.348 Thread 0x000001868d2ff540 1015       1       java.util.ArrayDeque::addLast (51 bytes)
Event: 2.349 Thread 0x000001868d2ff540 nmethod 1015 0x00000186838cc790 code [0x00000186838cc940, 0x00000186838ccbb8]
Event: 2.350 Thread 0x000001868d2ff540 1016       1       java.net.URLStreamHandler::parseURL (1201 bytes)
Event: 2.352 Thread 0x000001868de164d0 1017       1       java.util.zip.ZipCoder$UTF8ZipCoder::toString (12 bytes)
Event: 2.352 Thread 0x000001868de164d0 nmethod 1017 0x00000186838ccd10 code [0x00000186838ccea0, 0x00000186838ccf88]
Event: 2.352 Thread 0x000001868de164d0 1018       1       java.lang.System$2::newStringUTF8NoRepl (7 bytes)
Event: 2.352 Thread 0x000001868de164d0 nmethod 1018 0x00000186838cd010 code [0x00000186838cd1a0, 0x00000186838cd288]
Event: 2.352 Thread 0x000001868de164d0 1019       1       java.lang.String::newStringUTF8NoRepl (276 bytes)
Event: 2.354 Thread 0x000001868de164d0 nmethod 1019 0x00000186838cd310 code [0x00000186838cd540, 0x00000186838ce038]
Event: 2.361 Thread 0x000001868de164d0 1020       1       java.lang.Float::isNaN (12 bytes)
Event: 2.361 Thread 0x000001868de164d0 nmethod 1020 0x00000186838cea90 code [0x00000186838cec20, 0x00000186838cecf8]
Event: 2.368 Thread 0x000001868d2ff540 nmethod 1016 0x00000186838ced90 code [0x00000186838cf640, 0x00000186838d2fe8]

GC Heap History (2 events):
Event: 1.967 GC heap before
{Heap before GC invocations=0 (full 0):
 garbage-first heap   total 131072K, used 13312K [0x0000000081a00000, 0x0000000100000000)
  region size 1024K, 13 young (13312K), 0 survivors (0K)
 Metaspace       used 12413K, committed 12608K, reserved 1064960K
  class space    used 1252K, committed 1344K, reserved 1048576K
}
Event: 1.974 GC heap after
{Heap after GC invocations=1 (full 0):
 garbage-first heap   total 131072K, used 6857K [0x0000000081a00000, 0x0000000100000000)
  region size 1024K, 2 young (2048K), 2 survivors (2048K)
 Metaspace       used 12413K, committed 12608K, reserved 1064960K
  class space    used 1252K, committed 1344K, reserved 1048576K
}

Deoptimization events (0 events):
No events

Classes unloaded (0 events):
No events

Classes redefined (0 events):
No events

Internal exceptions (13 events):
Event: 1.099 Thread 0x00000186ffcebdc0 Exception <a 'java/lang/NoSuchMethodError'{0x00000000893f5b38}: 'java.lang.Object java.lang.invoke.DirectMethodHandle$Holder.invokeStaticInit(java.lang.Object)'> (0x00000000893f5b38) 
thrown [e:\jenkins\tmp\workspace\build\src\src\hotspot\share\interpreter\linkResolver.cpp, line 766]
Event: 1.241 Thread 0x00000186ffcebdc0 Exception <a 'java/lang/NoSuchMethodError'{0x000000008922c378}: 'int java.lang.invoke.DirectMethodHandle$Holder.invokeInterface(java.lang.Object, java.lang.Object)'> (0x000000008922c378) 
thrown [e:\jenkins\tmp\workspace\build\src\src\hotspot\share\interpreter\linkResolver.cpp, line 766]
Event: 1.241 Thread 0x00000186ffcebdc0 Exception <a 'java/lang/IncompatibleClassChangeError'{0x000000008922f978}: Found class java.lang.Object, but interface was expected> (0x000000008922f978) 
thrown [e:\jenkins\tmp\workspace\build\src\src\hotspot\share\interpreter\linkResolver.cpp, line 833]
Event: 1.247 Thread 0x00000186ffcebdc0 Exception <a 'java/lang/NoSuchMethodError'{0x0000000089235528}: 'void java.lang.invoke.DirectMethodHandle$Holder.invokeStatic(java.lang.Object, java.lang.Object)'> (0x0000000089235528) 
thrown [e:\jenkins\tmp\workspace\build\src\src\hotspot\share\interpreter\linkResolver.cpp, line 766]
Event: 1.394 Thread 0x00000186ffcebdc0 Exception <a 'java/lang/NoSuchMethodError'{0x0000000089103600}: 'int java.lang.invoke.DirectMethodHandle$Holder.invokeSpecial(java.lang.Object, java.lang.Object, java.lang.Object)'> (0x0000000089103600) 
thrown [e:\jenkins\tmp\workspace\build\src\src\hotspot\share\interpreter\linkResolver.cpp, line 766]
Event: 1.515 Thread 0x00000186ffcebdc0 Exception <a 'java/lang/NoSuchMethodError'{0x000000008900d2b8}: 'void java.lang.invoke.DirectMethodHandle$Holder.invokeStatic(java.lang.Object, java.lang.Object, java.lang.Object)'> (0x000000008900d2b8) 
thrown [e:\jenkins\tmp\workspace\build\src\src\hotspot\share\interpreter\linkResolver.cpp, line 766]
Event: 1.582 Thread 0x00000186ffcebdc0 Exception <a 'java/lang/NoSuchMethodError'{0x0000000089057dd0}: 'int java.lang.invoke.DirectMethodHandle$Holder.invokeSpecialIFC(java.lang.Object, java.lang.Object, java.lang.Object)'> (0x0000000089057dd0) 
thrown [e:\jenkins\tmp\workspace\build\src\src\hotspot\share\interpreter\linkResolver.cpp, line 766]
Event: 1.624 Thread 0x00000186ffcebdc0 Exception <a 'java/lang/NoSuchMethodError'{0x0000000088f105f8}: 'java.lang.Object java.lang.invoke.DirectMethodHandle$Holder.invokeStaticInit(java.lang.Object, int, int, int, int)'> (0x0000000088f105f8) 
thrown [e:\jenkins\tmp\workspace\build\src\src\hotspot\share\interpreter\linkResolver.cpp, line 766]
Event: 1.877 Thread 0x00000186ffcebdc0 Exception <a 'java/lang/NoSuchMethodError'{0x0000000088ed2998}: 'java.lang.Object java.lang.invoke.DirectMethodHandle$Holder.invokeStaticInit(java.lang.Object, java.lang.Object, int, int, int, int)'> (0x0000000088ed2998) 
thrown [e:\jenkins\tmp\workspace\build\src\src\hotspot\share\interpreter\linkResolver.cpp, line 766]
Event: 1.892 Thread 0x00000186ffcebdc0 Exception <a 'java/lang/ClassNotFoundException'{0x0000000088eede78}: javax/management/remote/rmi/RMIServerImpl_Skel> (0x0000000088eede78) 
thrown [e:\jenkins\tmp\workspace\build\src\src\hotspot\share\classfile\systemDictionary.cpp, line 256]
Event: 1.977 Thread 0x00000186ffcebdc0 Exception <a 'java/lang/ClassNotFoundException'{0x000000008990d680}: jdk/internal/agent/resources/spi/agentProvider> (0x000000008990d680) 
thrown [e:\jenkins\tmp\workspace\build\src\src\hotspot\share\classfile\systemDictionary.cpp, line 256]
Event: 2.255 Thread 0x00000186ffcebdc0 Exception <a 'java/lang/ClassNotFoundException'{0x0000000089754520}: javax/smartcardio/CardPermission> (0x0000000089754520) 
thrown [e:\jenkins\tmp\workspace\build\src\src\hotspot\share\classfile\systemDictionary.cpp, line 256]
Event: 2.301 Thread 0x00000186ffcebdc0 Exception <a 'java/io/FileNotFoundException'{0x0000000089763af8}> (0x0000000089763af8) 
thrown [e:\jenkins\tmp\workspace\build\src\src\hotspot\share\prims\jni.cpp, line 516]

VM Operations (12 events):
Event: 0.706 Executing VM operation: HandshakeAllThreads
Event: 0.706 Executing VM operation: HandshakeAllThreads done
Event: 1.539 Executing VM operation: HandshakeAllThreads
Event: 1.539 Executing VM operation: HandshakeAllThreads done
Event: 1.539 Executing VM operation: Cleanup
Event: 1.539 Executing VM operation: Cleanup done
Event: 1.608 Executing VM operation: HandshakeAllThreads
Event: 1.608 Executing VM operation: HandshakeAllThreads done
Event: 1.892 Executing VM operation: HandshakeAllThreads
Event: 1.892 Executing VM operation: HandshakeAllThreads done
Event: 1.967 Executing VM operation: G1CollectForAllocation
Event: 1.974 Executing VM operation: G1CollectForAllocation done

Events (20 events):
Event: 2.314 loading class java/io/FilePermissionCollection$1 done
Event: 2.314 loading class java/security/PermissionsEnumerator
Event: 2.314 loading class java/security/PermissionsEnumerator done
Event: 2.315 loading class java/security/AccessControlException
Event: 2.315 loading class java/security/AccessControlException done
Event: 2.354 loading class java/text/SimpleDateFormat
Event: 2.355 loading class java/text/DateFormat
Event: 2.356 loading class java/text/DateFormat done
Event: 2.356 loading class java/text/SimpleDateFormat done
Event: 2.356 loading class java/text/DateFormat$Field
Event: 2.356 loading class java/text/DateFormat$Field done
Event: 2.357 loading class java/util/Calendar
Event: 2.358 loading class java/util/Calendar done
Event: 2.359 loading class sun/util/spi/CalendarProvider
Event: 2.359 loading class sun/util/spi/CalendarProvider done
Event: 2.360 loading class sun/util/locale/provider/CalendarProviderImpl
Event: 2.360 loading class sun/util/locale/provider/CalendarProviderImpl done
Event: 2.361 loading class java/util/Calendar$Builder
Event: 2.361 loading class java/util/Calendar$Builder done
Event: 2.361 loading class java/util/GregorianCalendar


Dynamic libraries:
0x00007ff6f9390000 - 0x00007ff6f939e000 	C:\Users\ariel\Documents\~Generation\~~bloco 2\spring tool\contents\sts-4.13.1.RELEASE\plugins\org.eclipse.justj.openjdk.hotspot.jre.full.win32.x86_64_17.0.1.v20211116-1657\jre\bin\javaw.exe
0x00007ffbceed0000 - 0x00007ffbcf0c5000 	C:\WINDOWS\SYSTEM32\ntdll.dll
0x00007ffbce630000 - 0x00007ffbce6ee000 	C:\WINDOWS\System32\KERNEL32.DLL
0x00007ffbcc810000 - 0x00007ffbccad8000 	C:\WINDOWS\System32\KERNELBASE.dll
0x00007ffbccb10000 - 0x00007ffbccc10000 	C:\WINDOWS\System32\ucrtbase.dll
0x00007ffbc5c80000 - 0x00007ffbc5c98000 	C:\Users\ariel\Documents\~Generation\~~bloco 2\spring tool\contents\sts-4.13.1.RELEASE\plugins\org.eclipse.justj.openjdk.hotspot.jre.full.win32.x86_64_17.0.1.v20211116-1657\jre\bin\jli.dll
0x00007ffbc1870000 - 0x00007ffbc1889000 	C:\Users\ariel\Documents\~Generation\~~bloco 2\spring tool\contents\sts-4.13.1.RELEASE\plugins\org.eclipse.justj.openjdk.hotspot.jre.full.win32.x86_64_17.0.1.v20211116-1657\jre\bin\VCRUNTIME140.dll
0x00007ffbce800000 - 0x00007ffbce9a0000 	C:\WINDOWS\System32\USER32.dll
0x00007ffbcc5e0000 - 0x00007ffbcc602000 	C:\WINDOWS\System32\win32u.dll
0x00007ffbb9f40000 - 0x00007ffbba1da000 	C:\WINDOWS\WinSxS\amd64_microsoft.windows.common-controls_6595b64144ccf1df_6.0.19041.1110_none_60b5254171f9507e\COMCTL32.dll
0x00007ffbcee60000 - 0x00007ffbcee8b000 	C:\WINDOWS\System32\GDI32.dll
0x00007ffbcd070000 - 0x00007ffbcd10e000 	C:\WINDOWS\System32\msvcrt.dll
0x00007ffbccdc0000 - 0x00007ffbccecd000 	C:\WINDOWS\System32\gdi32full.dll
0x00007ffbcc770000 - 0x00007ffbcc80d000 	C:\WINDOWS\System32\msvcp_win.dll
0x00007ffbcda00000 - 0x00007ffbcda30000 	C:\WINDOWS\System32\IMM32.DLL
0x00007ffbc6f90000 - 0x00007ffbc6f9c000 	C:\Users\ariel\Documents\~Generation\~~bloco 2\spring tool\contents\sts-4.13.1.RELEASE\plugins\org.eclipse.justj.openjdk.hotspot.jre.full.win32.x86_64_17.0.1.v20211116-1657\jre\bin\vcruntime140_1.dll
0x00007ffb9f620000 - 0x00007ffb9f6b1000 	C:\Users\ariel\Documents\~Generation\~~bloco 2\spring tool\contents\sts-4.13.1.RELEASE\plugins\org.eclipse.justj.openjdk.hotspot.jre.full.win32.x86_64_17.0.1.v20211116-1657\jre\bin\msvcp140.dll
0x00007ffb83030000 - 0x00007ffb83c76000 	C:\Users\ariel\Documents\~Generation\~~bloco 2\spring tool\contents\sts-4.13.1.RELEASE\plugins\org.eclipse.justj.openjdk.hotspot.jre.full.win32.x86_64_17.0.1.v20211116-1657\jre\bin\server\jvm.dll
0x00007ffbccfc0000 - 0x00007ffbcd06e000 	C:\WINDOWS\System32\ADVAPI32.dll
0x00007ffbccf20000 - 0x00007ffbccfbc000 	C:\WINDOWS\System32\sechost.dll
0x00007ffbcd110000 - 0x00007ffbcd235000 	C:\WINDOWS\System32\RPCRT4.dll
0x00007ffbcded0000 - 0x00007ffbcded8000 	C:\WINDOWS\System32\PSAPI.DLL
0x00007ffbc7b80000 - 0x00007ffbc7b8a000 	C:\WINDOWS\SYSTEM32\VERSION.dll
0x00007ffbbb4a0000 - 0x00007ffbbb4c7000 	C:\WINDOWS\SYSTEM32\WINMM.dll
0x00007ffbc84e0000 - 0x00007ffbc84e9000 	C:\WINDOWS\SYSTEM32\WSOCK32.dll
0x00007ffbcde60000 - 0x00007ffbcdecb000 	C:\WINDOWS\System32\WS2_32.dll
0x00007ffbca3f0000 - 0x00007ffbca402000 	C:\WINDOWS\SYSTEM32\kernel.appcore.dll
0x00007ffbc8400000 - 0x00007ffbc840a000 	C:\Users\ariel\Documents\~Generation\~~bloco 2\spring tool\contents\sts-4.13.1.RELEASE\plugins\org.eclipse.justj.openjdk.hotspot.jre.full.win32.x86_64_17.0.1.v20211116-1657\jre\bin\jimage.dll
0x00007ffbc48d0000 - 0x00007ffbc4ab4000 	C:\WINDOWS\SYSTEM32\DBGHELP.DLL
0x00007ffbbc290000 - 0x00007ffbbc2bc000 	C:\WINDOWS\SYSTEM32\dbgcore.DLL
0x00007ffbccc10000 - 0x00007ffbccc92000 	C:\WINDOWS\System32\bcryptPrimitives.dll
0x00007ffbbce80000 - 0x00007ffbbcea5000 	C:\Users\ariel\Documents\~Generation\~~bloco 2\spring tool\contents\sts-4.13.1.RELEASE\plugins\org.eclipse.justj.openjdk.hotspot.jre.full.win32.x86_64_17.0.1.v20211116-1657\jre\bin\java.dll
0x00007ffbc7e50000 - 0x00007ffbc7e68000 	C:\Users\ariel\Documents\~Generation\~~bloco 2\spring tool\contents\sts-4.13.1.RELEASE\plugins\org.eclipse.justj.openjdk.hotspot.jre.full.win32.x86_64_17.0.1.v20211116-1657\jre\bin\zip.dll
0x00007ffbcdee0000 - 0x00007ffbce624000 	C:\WINDOWS\System32\SHELL32.dll
0x00007ffbca6d0000 - 0x00007ffbcae64000 	C:\WINDOWS\SYSTEM32\windows.storage.dll
0x00007ffbcea00000 - 0x00007ffbced55000 	C:\WINDOWS\System32\combase.dll
0x00007ffbcbf60000 - 0x00007ffbcbf8e000 	C:\WINDOWS\SYSTEM32\Wldp.dll
0x00007ffbcd950000 - 0x00007ffbcd9fd000 	C:\WINDOWS\System32\SHCORE.dll
0x00007ffbcde00000 - 0x00007ffbcde55000 	C:\WINDOWS\System32\shlwapi.dll
0x00007ffbcc520000 - 0x00007ffbcc53f000 	C:\WINDOWS\SYSTEM32\profapi.dll
0x00007ffbc6710000 - 0x00007ffbc6729000 	C:\Users\ariel\Documents\~Generation\~~bloco 2\spring tool\contents\sts-4.13.1.RELEASE\plugins\org.eclipse.justj.openjdk.hotspot.jre.full.win32.x86_64_17.0.1.v20211116-1657\jre\bin\net.dll
0x00007ffbbfeb0000 - 0x00007ffbbffbc000 	C:\WINDOWS\SYSTEM32\WINHTTP.dll
0x00007ffbcbcc0000 - 0x00007ffbcbd2a000 	C:\WINDOWS\system32\mswsock.dll
0x00007ffbc6610000 - 0x00007ffbc6625000 	C:\Users\ariel\Documents\~Generation\~~bloco 2\spring tool\contents\sts-4.13.1.RELEASE\plugins\org.eclipse.justj.openjdk.hotspot.jre.full.win32.x86_64_17.0.1.v20211116-1657\jre\bin\nio.dll
0x00007ffbc63b0000 - 0x00007ffbc63b9000 	C:\Users\ariel\Documents\~Generation\~~bloco 2\spring tool\contents\sts-4.13.1.RELEASE\plugins\org.eclipse.justj.openjdk.hotspot.jre.full.win32.x86_64_17.0.1.v20211116-1657\jre\bin\management.dll
0x00007ffbc6190000 - 0x00007ffbc619b000 	C:\Users\ariel\Documents\~Generation\~~bloco 2\spring tool\contents\sts-4.13.1.RELEASE\plugins\org.eclipse.justj.openjdk.hotspot.jre.full.win32.x86_64_17.0.1.v20211116-1657\jre\bin\management_ext.dll
0x00007ffbc53c0000 - 0x00007ffbc53d7000 	C:\WINDOWS\system32\napinsp.dll
0x00007ffbc53a0000 - 0x00007ffbc53bb000 	C:\WINDOWS\system32\pnrpnsp.dll
0x00007ffbbcc70000 - 0x00007ffbbcc85000 	C:\WINDOWS\system32\wshbth.dll
0x00007ffbc8320000 - 0x00007ffbc833d000 	C:\WINDOWS\system32\NLAapi.dll
0x00007ffbcb9b0000 - 0x00007ffbcb9eb000 	C:\WINDOWS\SYSTEM32\IPHLPAPI.DLL
0x00007ffbcb9f0000 - 0x00007ffbcbabb000 	C:\WINDOWS\SYSTEM32\DNSAPI.dll
0x00007ffbcdcc0000 - 0x00007ffbcdcc8000 	C:\WINDOWS\System32\NSI.dll
0x00007ffbbd220000 - 0x00007ffbbd232000 	C:\WINDOWS\System32\winrnr.dll
0x00007ffbc1150000 - 0x00007ffbc115a000 	C:\Windows\System32\rasadhlp.dll
0x00007ffbbffc0000 - 0x00007ffbc003f000 	C:\WINDOWS\System32\fwpuclnt.dll
0x00007ffbccae0000 - 0x00007ffbccb07000 	C:\WINDOWS\System32\bcrypt.dll
0x00007ffbcbeb0000 - 0x00007ffbcbec8000 	C:\WINDOWS\SYSTEM32\CRYPTSP.dll
0x00007ffbcb640000 - 0x00007ffbcb674000 	C:\WINDOWS\system32\rsaenh.dll
0x00007ffbcc470000 - 0x00007ffbcc49e000 	C:\WINDOWS\SYSTEM32\USERENV.dll
0x00007ffbcbed0000 - 0x00007ffbcbedc000 	C:\WINDOWS\SYSTEM32\CRYPTBASE.dll
0x00007ffbc3560000 - 0x00007ffbc3577000 	C:\WINDOWS\SYSTEM32\dhcpcsvc6.DLL
0x00007ffbc3dc0000 - 0x00007ffbc3ddd000 	C:\WINDOWS\SYSTEM32\dhcpcsvc.DLL
0x00007ffbc7de0000 - 0x00007ffbc7df0000 	C:\Users\ariel\Documents\~Generation\~~bloco 2\spring tool\contents\sts-4.13.1.RELEASE\plugins\org.eclipse.justj.openjdk.hotspot.jre.full.win32.x86_64_17.0.1.v20211116-1657\jre\bin\verify.dll

dbghelp: loaded successfully - version: 4.0.5 - missing functions: none
symbol engine: initialized successfully - sym options: 0x614 - pdb path: .;C:\Users\ariel\Documents\~Generation\~~bloco 2\spring tool\contents\sts-4.13.1.RELEASE\plugins\org.eclipse.justj.openjdk.hotspot.jre.full.win32.x86_64_17.0.1.v20211116-1657\jre\bin;C:\WINDOWS\SYSTEM32;C:\WINDOWS\WinSxS\amd64_microsoft.windows.common-controls_6595b64144ccf1df_6.0.19041.1110_none_60b5254171f9507e;C:\Users\ariel\Documents\~Generation\~~bloco 2\spring tool\contents\sts-4.13.1.RELEASE\plugins\org.eclipse.justj.openjdk.hotspot.jre.full.win32.x86_64_17.0.1.v20211116-1657\jre\bin\server

VM Arguments:
jvm_args: -Dcom.sun.management.jmxremote -Dcom.sun.management.jmxremote.port=57818 -Dcom.sun.management.jmxremote.authenticate=false -Dcom.sun.management.jmxremote.ssl=false -Djava.rmi.server.hostname=localhost -Dspring.jmx.enabled=true -Dspring.application.admin.enabled=true -XX:TieredStopAtLevel=1 -Dspring.boot.project.name=BlogPessoal -Dfile.encoding=UTF-8 -XX:+ShowCodeDetailsInExceptionMessages 
java_command: com.generation.BlogPessoal.BlogPessoalApplication --spring.output.ansi.enabled=always
java_class_path (initial): C:\Users\ariel\Desktop\BlogPessoal\target\classes;C:\Users\ariel\.m2\repository\org\springframework\boot\spring-boot-starter-data-jpa\2.6.3\spring-boot-starter-data-jpa-2.6.3.jar;C:\Users\ariel\.m2\repository\org\springframework\boot\spring-boot-starter-aop\2.6.3\spring-boot-starter-aop-2.6.3.jar;C:\Users\ariel\.m2\repository\org\aspectj\aspectjweaver\1.9.7\aspectjweaver-1.9.7.jar;C:\Users\ariel\.m2\repository\org\springframework\boot\spring-boot-starter-jdbc\2.6.3\spring-boot-starter-jdbc-2.6.3.jar;C:\Users\ariel\.m2\repository\com\zaxxer\HikariCP\4.0.3\HikariCP-4.0.3.jar;C:\Users\ariel\.m2\repository\org\springframework\spring-jdbc\5.3.15\spring-jdbc-5.3.15.jar;C:\Users\ariel\.m2\repository\jakarta\transaction\jakarta.transaction-api\1.3.3\jakarta.transaction-api-1.3.3.jar;C:\Users\ariel\.m2\repository\jakarta\persistence\jakarta.persistence-api\2.2.3\jakarta.persistence-api-2.2.3.jar;C:\Users\ariel\.m2\repository\org\hibernate\hibernate-core\5.6.4.Final\hibernate-core-5.6.4.Final.jar;C:\Users\ariel\.m2\repository\net\bytebuddy\byte-buddy\1.11.22\byte-buddy-1.11.22.jar;C:\Users\ariel\.m2\repository\antlr\antlr\2.7.7\antlr-2.7.7.jar;C:\Users\ariel\.m2\repository\org\jboss\jandex\2.4.2.Final\jandex-2.4.2.Final.jar;C:\Users\ariel\.m2\repository\org\hibernate\common\hibernate-commons-annotations\5.1.2.Final\hibernate-commons-annotations-5.1.2.Final.jar;C:\Users\ariel\.m2\repository\org\glassfish\jaxb\jaxb-runtime\2.3.5\jaxb-runtime-2.3.5.jar;C:\Users\ariel\.m2\repository\org\glassfish\jaxb\txw2\2.3.5\txw2-2.3.5.jar;C:\Users\ariel\.m2\repository\com\sun\istack\istack-commons-runtime\3.0.12\istack-commons-runtime-3.0.12.jar;C:\Users\ariel\.m2\repository\com\sun\activation\jakarta.activation\1.2.2\jakarta.activation-1.2.2.jar;C:\Users\ariel\.m2\repository\org\springframework\data\spring-data-jpa\2.6.1\spring-data-jpa-2.6.1.jar;C:\Users\ariel\.m2\repository\org\springframework\data\spring-data-commons\2.6.1\spring-data-commons-2.6.1.jar;C:\Use
Launcher Type: SUN_STANDARD

[Global flags]
     intx CICompilerCount                          = 3                                         {product} {ergonomic}
     uint ConcGCThreads                            = 1                                         {product} {ergonomic}
     uint G1ConcRefinementThreads                  = 4                                         {product} {ergonomic}
   size_t G1HeapRegionSize                         = 1048576                                   {product} {ergonomic}
    uintx GCDrainStackTargetSize                   = 64                                        {product} {ergonomic}
   size_t InitialHeapSize                          = 134217728                                 {product} {ergonomic}
     bool ManagementServer                         = true                                      {product} {command line}
   size_t MarkStackSize                            = 4194304                                   {product} {ergonomic}
   size_t MaxHeapSize                              = 2120220672                                {product} {ergonomic}
   size_t MaxNewSize                               = 1271922688                                {product} {ergonomic}
   size_t MinHeapDeltaBytes                        = 1048576                                   {product} {ergonomic}
   size_t MinHeapSize                              = 8388608                                   {product} {ergonomic}
    uintx NonProfiledCodeHeapSize                  = 0                                      {pd product} {ergonomic}
     bool ProfileInterpreter                       = false                                  {pd product} {command line}
    uintx ProfiledCodeHeapSize                     = 0                                      {pd product} {ergonomic}
     bool ShowCodeDetailsInExceptionMessages       = true                                   {manageable} {command line}
   size_t SoftMaxHeapSize                          = 2120220672                             {manageable} {ergonomic}
     intx TieredStopAtLevel                        = 1                                         {product} {command line}
     bool UseCompressedClassPointers               = true                           {product lp64_product} {ergonomic}
     bool UseCompressedOops                        = true                           {product lp64_product} {ergonomic}
     bool UseG1GC                                  = true                                      {product} {ergonomic}
     bool UseLargePagesIndividualAllocation        = false                                  {pd product} {ergonomic}

Logging:
Log output configuration:
 #0: stdout all=warning uptime,level,tags
 #1: stderr all=off uptime,level,tags

Environment Variables:
JAVA_HOME=C:\Program Files\Java\jdk-17.0.1
PATH=C:/Users/ariel/Documents/~Generation/~~bloco 2/spring tool/contents/sts-4.13.1.RELEASE//plugins/org.eclipse.justj.openjdk.hotspot.jre.full.win32.x86_64_17.0.1.v20211116-1657/jre/bin/server;C:/Users/ariel/Documents/~Generation/~~bloco 2/spring tool/contents/sts-4.13.1.RELEASE//plugins/org.eclipse.justj.openjdk.hotspot.jre.full.win32.x86_64_17.0.1.v20211116-1657/jre/bin;C:\Program Files\Java\jdk-17.0.1\bin;C:\Program Files (x86)\Common Files\Oracle\Java\javapath;C:\Program Files (x86)\Common Files\Intel\Shared Libraries\redist\intel64\compiler;C:\ProgramData\Oracle\Java\javapath;C:\Program Files (x86)\Common Files\Intel\Shared Files\cpp\bin\Intel64;C:\WINDOWS\system32;C:\WINDOWS;C:\WINDOWS\System32\Wbem;C:\WINDOWS\System32\WindowsPowerShell\v1.0\;C:\Program Files\Common Files\Autodesk Shared\;C:\WINDOWS\System32\OpenSSH\;C:\Program Files\Microsoft SQL Server\120\Tools\Binn\;C:\Program Files\dotnet\;C:\Program Files\SafeNet\Authentication\SAC\x32;C:\Program Files\SafeNet\Authentication\SAC\x64;C:\ProgramData\UNIVALI\Portugol Studio;C:\Program Files\Java\jdk-17.0.1\bin;C:\Program Files\nodejs\;C:\Program Files\Git\cmd;C:\Users\ariel\AppData\Local\Microsoft\WindowsApps;;C:\Users\ariel\AppData\Local\Programs\Microsoft VS Code\bin;C:\Users\ariel\AppData\Roaming\npm;C:\Users\ariel\Documents\~Generation\~~bloco 2\spring tool\contents\sts-4.13.1.RELEASE;
USERNAME=User
OS=Windows_NT
PROCESSOR_IDENTIFIER=Intel64 Family 6 Model 58 Stepping 9, GenuineIntel



---------------  S Y S T E M  ---------------

OS:
 Windows 10 , 64 bit Build 19041 (10.0.19041.1503)
OS uptime: 4 days 5:03 hours

CPU: total 4 (initial active 4) (2 cores per cpu, 2 threads per core) family 6 model 58 stepping 9 microcode 0x21, cx8, cmov, fxsr, ht, mmx, sse, sse2, sse3, ssse3, sse4.1, sse4.2, popcnt, tsc, tscinvbit, avx, aes, erms, clmul, vzeroupper, clflush

Memory: 4k page, system-wide physical 8084M (451M free)
TotalPageFile size 8484M (AvailPageFile size 2M)
current process WorkingSet (physical memory assigned to process): 70M, peak: 70M
current process commit charge ("private bytes"): 209M, peak: 209M

vm_info: OpenJDK 64-Bit Server VM (17.0.1+12) for windows-amd64 JRE (17.0.1+12), built on Oct 20 2021 07:42:55 by "" with MS VC++ 16.7 (VS2019)

END.
